# JRE version: Java(TM) SE Runtime Environment (7.0_45-b18) (build 1.7.0_45-b18)
# Java VM: Java HotSpot(TM) 64-Bit Server VM (24.45-b08 mixed mode windows-amd64 compressed oops)
Heap
 PSYoungGen      total 286208K, used 72517K [0x00000007aaa80000, 0x00000007be980000, 0x0000000800000000)
  eden space 258048K, 17% used [0x00000007aaa80000,0x00000007ad5d66d8,0x00000007ba680000)
  from space 28160K, 99% used [0x00000007bc600000,0x00000007be17ae88,0x00000007be180000)
  to   space 32256K, 0% used [0x00000007ba680000,0x00000007ba680000,0x00000007bc600000)
 ParOldGen       total 174080K, used 126633K [0x0000000700000000, 0x000000070aa00000, 0x00000007aaa80000)
  object space 174080K, 72% used [0x0000000700000000,0x0000000707baa5c0,0x000000070aa00000)
 PSPermGen       total 21504K, used 6176K [0x00000006fae00000, 0x00000006fc300000, 0x0000000700000000)
  object space 21504K, 28% used [0x00000006fae00000,0x00000006fb408290,0x00000006fc300000)
GC Heap History (10 events):
Event: 2.299 GC heap before
{Heap before GC invocations=5 (full 0):
 PSYoungGen      total 136192K, used 136182K [0x00000007aaa80000, 0x00000007b3480000, 0x0000000800000000)
  eden space 131072K, 100% used [0x00000007aaa80000,0x00000007b2a80000,0x00000007b2a80000)
  from space 5120K, 99% used [0x00000007b2f80000,0x00000007b347d9d0,0x00000007b3480000)
  to   space 5120K, 0% used [0x00000007b2a80000,0x00000007b2a80000,0x00000007b2f80000)
 ParOldGen       total 84992K, used 29022K [0x0000000700000000, 0x0000000705300000, 0x00000007aaa80000)
  object space 84992K, 34% used [0x0000000700000000,0x0000000701c57a28,0x0000000705300000)
 PSPermGen       total 21504K, used 6019K [0x00000006fae00000, 0x00000006fc300000, 0x0000000700000000)
  object space 21504K, 27% used [0x00000006fae00000,0x00000006fb3e0f38,0x00000006fc300000)
Event: 2.332 GC heap after
Heap after GC invocations=5 (full 0):
 PSYoungGen      total 136192K, used 5115K [0x00000007aaa80000, 0x00000007be180000, 0x0000000800000000)
  eden space 131072K, 0% used [0x00000007aaa80000,0x00000007aaa80000,0x00000007b2a80000)
  from space 5120K, 99% used [0x00000007b2a80000,0x00000007b2f7ec48,0x00000007b2f80000)
  to   space 28160K, 0% used [0x00000007bc600000,0x00000007bc600000,0x00000007be180000)
 ParOldGen       total 84992K, used 49708K [0x0000000700000000, 0x0000000705300000, 0x00000007aaa80000)
  object space 84992K, 58% used [0x0000000700000000,0x000000070308b358,0x0000000705300000)
 PSPermGen       total 21504K, used 6019K [0x00000006fae00000, 0x00000006fc300000, 0x0000000700000000)
  object space 21504K, 27% used [0x00000006fae00000,0x00000006fb3e0f38,0x00000006fc300000)
}
Event: 2.806 GC heap before
{Heap before GC invocations=6 (full 0):
 PSYoungGen      total 136192K, used 136187K [0x00000007aaa80000, 0x00000007be180000, 0x0000000800000000)
  eden space 131072K, 100% used [0x00000007aaa80000,0x00000007b2a80000,0x00000007b2a80000)
  from space 5120K, 99% used [0x00000007b2a80000,0x00000007b2f7ec48,0x00000007b2f80000)
  to   space 28160K, 0% used [0x00000007bc600000,0x00000007bc600000,0x00000007be180000)
 ParOldGen       total 84992K, used 49708K [0x0000000700000000, 0x0000000705300000, 0x00000007aaa80000)
  object space 84992K, 58% used [0x0000000700000000,0x000000070308b358,0x0000000705300000)
 PSPermGen       total 21504K, used 6082K [0x00000006fae00000, 0x00000006fc300000, 0x0000000700000000)
  object space 21504K, 28% used [0x00000006fae00000,0x00000006fb3f08b8,0x00000006fc300000)
Event: 2.835 GC heap after
Heap after GC invocations=6 (full 0):
 PSYoungGen      total 286208K, used 26287K [0x00000007aaa80000, 0x00000007be980000, 0x0000000800000000)
  eden space 258048K, 0% used [0x00000007aaa80000,0x00000007aaa80000,0x00000007ba680000)
  from space 28160K, 93% used [0x00000007bc600000,0x00000007bdfabd58,0x00000007be180000)
  to   space 32256K, 0% used [0x00000007ba680000,0x00000007ba680000,0x00000007bc600000)
 ParOldGen       total 84992K, used 49708K [0x0000000700000000, 0x0000000705300000, 0x00000007aaa80000)
  object space 84992K, 58% used [0x0000000700000000,0x000000070308b358,0x0000000705300000)
 PSPermGen       total 21504K, used 6082K [0x00000006fae00000, 0x00000006fc300000, 0x0000000700000000)
  object space 21504K, 28% used [0x00000006fae00000,0x00000006fb3f08b8,0x00000006fc300000)
}
Event: 3.502 GC heap before
{Heap before GC invocations=7 (full 0):
 PSYoungGen      total 286208K, used 284335K [0x00000007aaa80000, 0x00000007be980000, 0x0000000800000000)
  eden space 258048K, 100% used [0x00000007aaa80000,0x00000007ba680000,0x00000007ba680000)
  from space 28160K, 93% used [0x00000007bc600000,0x00000007bdfabd58,0x00000007be180000)
  to   space 32256K, 0% used [0x00000007ba680000,0x00000007ba680000,0x00000007bc600000)
 ParOldGen       total 84992K, used 49708K [0x0000000700000000, 0x0000000705300000, 0x00000007aaa80000)
  object space 84992K, 58% used [0x0000000700000000,0x000000070308b358,0x0000000705300000)
 PSPermGen       total 21504K, used 6118K [0x00000006fae00000, 0x00000006fc300000, 0x0000000700000000)
  object space 21504K, 28% used [0x00000006fae00000,0x00000006fb3f99e0,0x00000006fc300000)
Event: 3.565 GC heap after
Heap after GC invocations=7 (full 0):
 PSYoungGen      total 290304K, used 32240K [0x00000007aaa80000, 0x00000007be980000, 0x0000000800000000)
  eden space 258048K, 0% used [0x00000007aaa80000,0x00000007aaa80000,0x00000007ba680000)
  from space 32256K, 99% used [0x00000007ba680000,0x00000007bc5fc1b8,0x00000007bc600000)
  to   space 28160K, 0% used [0x00000007bc600000,0x00000007bc600000,0x00000007be180000)
 ParOldGen       total 84992K, used 83997K [0x0000000700000000, 0x0000000705300000, 0x00000007aaa80000)
  object space 84992K, 98% used [0x0000000700000000,0x0000000705207460,0x0000000705300000)
 PSPermGen       total 21504K, used 6118K [0x00000006fae00000, 0x00000006fc300000, 0x0000000700000000)
  object space 21504K, 28% used [0x00000006fae00000,0x00000006fb3f99e0,0x00000006fc300000)
}
Event: 3.565 GC heap before
{Heap before GC invocations=8 (full 1):
 PSYoungGen      total 290304K, used 32240K [0x00000007aaa80000, 0x00000007be980000, 0x0000000800000000)
  eden space 258048K, 0% used [0x00000007aaa80000,0x00000007aaa80000,0x00000007ba680000)
  from space 32256K, 99% used [0x00000007ba680000,0x00000007bc5fc1b8,0x00000007bc600000)
  to   space 28160K, 0% used [0x00000007bc600000,0x00000007bc600000,0x00000007be180000)
 ParOldGen       total 84992K, used 83997K [0x0000000700000000, 0x0000000705300000, 0x00000007aaa80000)
  object space 84992K, 98% used [0x0000000700000000,0x0000000705207460,0x0000000705300000)
 PSPermGen       total 21504K, used 6118K [0x00000006fae00000, 0x00000006fc300000, 0x0000000700000000)
  object space 21504K, 28% used [0x00000006fae00000,0x00000006fb3f99e0,0x00000006fc300000)
Event: 4.159 GC heap after
Heap after GC invocations=8 (full 1):
 PSYoungGen      total 290304K, used 24944K [0x00000007aaa80000, 0x00000007be980000, 0x0000000800000000)
  eden space 258048K, 0% used [0x00000007aaa80000,0x00000007aaa80000,0x00000007ba680000)
  from space 32256K, 77% used [0x00000007ba680000,0x00000007bbedc0a0,0x00000007bc600000)
  to   space 28160K, 0% used [0x00000007bc600000,0x00000007bc600000,0x00000007be180000)
 ParOldGen       total 174080K, used 84603K [0x0000000700000000, 0x000000070aa00000, 0x00000007aaa80000)
  object space 174080K, 48% used [0x0000000700000000,0x000000070529ee48,0x000000070aa00000)
 PSPermGen       total 21504K, used 6112K [0x00000006fae00000, 0x00000006fc300000, 0x0000000700000000)
  object space 21504K, 28% used [0x00000006fae00000,0x00000006fb3f83a0,0x00000006fc300000)
}
Event: 4.584 GC heap before
{Heap before GC invocations=9 (full 1):
 PSYoungGen      total 290304K, used 282992K [0x00000007aaa80000, 0x00000007be980000, 0x0000000800000000)
  eden space 258048K, 100% used [0x00000007aaa80000,0x00000007ba680000,0x00000007ba680000)
  from space 32256K, 77% used [0x00000007ba680000,0x00000007bbedc0a0,0x00000007bc600000)
  to   space 28160K, 0% used [0x00000007bc600000,0x00000007bc600000,0x00000007be180000)
 ParOldGen       total 174080K, used 84603K [0x0000000700000000, 0x000000070aa00000, 0x00000007aaa80000)
  object space 174080K, 48% used [0x0000000700000000,0x000000070529ee48,0x000000070aa00000)
 PSPermGen       total 21504K, used 6173K [0x00000006fae00000, 0x00000006fc300000, 0x0000000700000000)
  object space 21504K, 28% used [0x00000006fae00000,0x00000006fb407510,0x00000006fc300000)
Event: 4.687 GC heap after
Heap after GC invocations=9 (full 1):
 PSYoungGen      total 286208K, used 28139K [0x00000007aaa80000, 0x00000007be980000, 0x0000000800000000)
  eden space 258048K, 0% used [0x00000007aaa80000,0x00000007aaa80000,0x00000007ba680000)
  from space 28160K, 99% used [0x00000007bc600000,0x00000007be17ae88,0x00000007be180000)
  to   space 32256K, 0% used [0x00000007ba680000,0x00000007ba680000,0x00000007bc600000)
 ParOldGen       total 174080K, used 126633K [0x0000000700000000, 0x000000070aa00000, 0x00000007aaa80000)
  object space 174080K, 72% used [0x0000000700000000,0x0000000707baa5c0,0x000000070aa00000)
 PSPermGen       total 21504K, used 6173K [0x00000006fae00000, 0x00000006fc300000, 0x0000000700000000)
  object space 21504K, 28% used [0x00000006fae00000,0x00000006fb407510,0x00000006fc300000)
}

